0 verbose cli /usr/bin/node /usr/bin/npm
1 info using npm@8.19.2
2 info using node@v19.2.0
3 timing npm:load:whichnode Completed in 0ms
4 timing config:load:defaults Completed in 15ms
5 timing config:load:file:/usr/lib/node_modules/npm/npmrc Completed in 8ms
6 timing config:load:builtin Completed in 8ms
7 timing config:load:cli Completed in 9ms
8 timing config:load:env Completed in 0ms
9 timing config:load:file:/home/apollo-hub/coding/school/personalwebsite/.cache/typescript/4.9/.npmrc Completed in 0ms
10 timing config:load:project Completed in 16ms
11 timing config:load:file:/home/apollo-hub/coding/school/personalwebsite/.npmrc Completed in 0ms
12 timing config:load:user Completed in 0ms
13 timing config:load:file:/usr/etc/npmrc Completed in 1ms
14 timing config:load:global Completed in 1ms
15 timing config:load:validate Completed in 0ms
16 timing config:load:credentials Completed in 3ms
17 timing config:load:setEnvs Completed in 1ms
18 timing config:load Completed in 54ms
19 timing npm:load:configload Completed in 54ms
20 timing npm:load:mkdirpcache Completed in 5ms
21 timing npm:load:mkdirplogs Completed in 0ms
22 verbose title npm install types-registry@latest
23 verbose argv "install" "--ignore-scripts" "types-registry@latest"
24 timing npm:load:setTitle Completed in 8ms
25 timing config:load:flatten Completed in 9ms
26 timing npm:load:display Completed in 14ms
27 verbose logfile logs-max:10 dir:/home/apollo-hub/coding/school/personalwebsite/.npm/_logs
28 verbose logfile /home/apollo-hub/coding/school/personalwebsite/.npm/_logs/2022-12-10T22_48_38_638Z-debug-0.log
29 timing npm:load:logFile Completed in 13ms
30 timing npm:load:timers Completed in 0ms
31 timing npm:load:configScope Completed in 0ms
32 timing npm:load Completed in 96ms
33 timing arborist:ctor Completed in 1ms
34 silly logfile done cleaning log files
35 timing idealTree:init Completed in 48ms
36 timing arborist:ctor Completed in 0ms
37 http fetch GET 200 https://registry.npmjs.org/types-registry 1075ms (cache revalidated)
38 timing idealTree:userRequests Completed in 1093ms
39 silly idealTree buildDeps
40 silly fetch manifest types-registry@0.1.621
41 silly placeDep ROOT types-registry@0.1.621 REPLACE for:  want: 0.1.621
42 timing idealTree:#root Completed in 11ms
43 timing idealTree:node_modules/types-registry Completed in 0ms
44 timing idealTree:buildDeps Completed in 12ms
45 timing idealTree:fixDepFlags Completed in 0ms
46 timing idealTree Completed in 1157ms
47 timing reify:loadTrees Completed in 1158ms
48 timing reify:diffTrees Completed in 2ms
49 silly reify moves {}
50 timing reify:retireShallow Completed in 2ms
51 timing reify:createSparse Completed in 0ms
52 timing reify:loadBundles Completed in 0ms
53 silly audit bulk request { 'types-registry': [ '0.1.621' ] }
54 timing reify:unpack Completed in 0ms
55 timing reify:unretire Completed in 0ms
56 timing build:queue Completed in 0ms
57 timing build:deps Completed in 0ms
58 timing build Completed in 0ms
59 timing reify:build Completed in 1ms
60 timing reify:trash Completed in 0ms
61 timing reify:save Completed in 7ms
62 http fetch POST 200 https://registry.npmjs.org/-/npm/v1/security/advisories/bulk 257ms
63 timing auditReport:getReport Completed in 260ms
64 silly audit report {}
65 timing auditReport:init Completed in 1ms
66 timing reify:audit Completed in 261ms
67 timing reify Completed in 1435ms
68 timing command:install Completed in 1445ms
69 verbose exit 0
70 timing npm Completed in 2034ms
71 info ok
