0 verbose cli /usr/bin/node /usr/bin/npm
1 info using npm@8.19.2
2 info using node@v19.2.0
3 timing npm:load:whichnode Completed in 0ms
4 timing config:load:defaults Completed in 2ms
5 timing config:load:file:/usr/lib/node_modules/npm/npmrc Completed in 1ms
6 timing config:load:builtin Completed in 1ms
7 timing config:load:cli Completed in 4ms
8 timing config:load:env Completed in 0ms
9 timing config:load:file:/home/apollo-hub/coding/school/personalwebsite/.local/share/nvim/mason/.packages/typescript-language-server/.npmrc Completed in 1ms
10 timing config:load:project Completed in 40ms
11 timing config:load:file:/home/apollo-hub/coding/school/personalwebsite/.npmrc Completed in 0ms
12 timing config:load:user Completed in 0ms
13 timing config:load:file:/usr/etc/npmrc Completed in 0ms
14 timing config:load:global Completed in 0ms
15 timing config:load:validate Completed in 1ms
16 timing config:load:credentials Completed in 3ms
17 timing config:load:setEnvs Completed in 2ms
18 timing config:load Completed in 55ms
19 timing npm:load:configload Completed in 56ms
20 timing npm:load:mkdirpcache Completed in 1ms
21 timing npm:load:mkdirplogs Completed in 0ms
22 verbose title npm install typescript-language-server typescript
23 verbose argv "install" "typescript-language-server" "typescript"
24 timing npm:load:setTitle Completed in 3ms
25 timing config:load:flatten Completed in 5ms
26 timing npm:load:display Completed in 6ms
27 verbose logfile logs-max:10 dir:/home/apollo-hub/coding/school/personalwebsite/.npm/_logs
28 verbose logfile /home/apollo-hub/coding/school/personalwebsite/.npm/_logs/2022-12-10T22_39_59_663Z-debug-0.log
29 timing npm:load:logFile Completed in 10ms
30 timing npm:load:timers Completed in 0ms
31 timing npm:load:configScope Completed in 0ms
32 timing npm:load Completed in 77ms
33 timing arborist:ctor Completed in 1ms
34 silly logfile done cleaning log files
35 timing arborist:ctor Completed in 0ms
36 timing idealTree:init Completed in 21ms
37 timing idealTree:userRequests Completed in 5ms
38 silly idealTree buildDeps
39 silly fetch manifest typescript-language-server@*
40 http fetch GET 200 https://registry.npmjs.org/typescript-language-server 2024ms (cache miss)
41 silly fetch manifest typescript@*
42 http fetch GET 200 https://registry.npmjs.org/typescript 199ms (cache revalidated)
43 silly placeDep ROOT typescript@4.9.4 OK for: @mason/typescript-language-server@1.0.0 want: *
44 silly placeDep ROOT typescript-language-server@2.2.0 OK for: @mason/typescript-language-server@1.0.0 want: *
45 silly fetch manifest commander@^9.4.1
46 silly fetch manifest deepmerge@^4.2.2
47 silly fetch manifest fs-extra@^11.1.0
48 silly fetch manifest p-debounce@^4.0.0
49 silly fetch manifest pkg-up@^4.0.0
50 silly fetch manifest semver@^7.3.8
51 silly fetch manifest tempy@^3.0.0
52 silly fetch manifest vscode-languageserver@^8.0.2
53 silly fetch manifest vscode-languageserver-protocol@^3.17.2
54 silly fetch manifest vscode-languageserver-textdocument@1.0.8
55 silly fetch manifest vscode-uri@^3.0.6
56 silly fetch manifest which@^3.0.0
57 http fetch GET 200 https://registry.npmjs.org/commander 237ms (cache miss)
58 http fetch GET 200 https://registry.npmjs.org/pkg-up 265ms (cache miss)
59 http fetch GET 200 https://registry.npmjs.org/deepmerge 364ms (cache miss)
60 http fetch GET 200 https://registry.npmjs.org/which 363ms (cache miss)
61 http fetch GET 200 https://registry.npmjs.org/vscode-languageserver-protocol 381ms (cache revalidated)
62 http fetch GET 200 https://registry.npmjs.org/semver 428ms (cache miss)
63 http fetch GET 200 https://registry.npmjs.org/fs-extra 455ms (cache miss)
64 http fetch GET 200 https://registry.npmjs.org/vscode-languageserver-textdocument 973ms (cache revalidated)
65 http fetch GET 200 https://registry.npmjs.org/vscode-languageserver 978ms (cache revalidated)
66 http fetch GET 200 https://registry.npmjs.org/p-debounce 995ms (cache miss)
67 http fetch GET 200 https://registry.npmjs.org/vscode-uri 990ms (cache revalidated)
68 http fetch GET 200 https://registry.npmjs.org/tempy 1001ms (cache miss)
69 timing idealTree:#root Completed in 3394ms
70 timing idealTree:node_modules/typescript Completed in 1ms
71 silly placeDep node_modules/typescript-language-server commander@9.4.1 OK for: typescript-language-server@2.2.0 want: ^9.4.1
72 silly placeDep node_modules/typescript-language-server deepmerge@4.2.2 OK for: typescript-language-server@2.2.0 want: ^4.2.2
73 silly placeDep node_modules/typescript-language-server fs-extra@11.1.0 OK for: typescript-language-server@2.2.0 want: ^11.1.0
74 silly placeDep node_modules/typescript-language-server p-debounce@4.0.0 OK for: typescript-language-server@2.2.0 want: ^4.0.0
75 silly placeDep node_modules/typescript-language-server pkg-up@4.0.0 OK for: typescript-language-server@2.2.0 want: ^4.0.0
76 silly placeDep node_modules/typescript-language-server semver@7.3.8 OK for: typescript-language-server@2.2.0 want: ^7.3.8
77 silly placeDep node_modules/typescript-language-server tempy@3.0.0 OK for: typescript-language-server@2.2.0 want: ^3.0.0
78 silly placeDep node_modules/typescript-language-server vscode-languageserver@8.0.2 OK for: typescript-language-server@2.2.0 want: ^8.0.2
79 silly placeDep node_modules/typescript-language-server vscode-languageserver-protocol@3.17.2 OK for: typescript-language-server@2.2.0 want: ^3.17.2
80 silly placeDep node_modules/typescript-language-server vscode-languageserver-textdocument@1.0.8 OK for: typescript-language-server@2.2.0 want: 1.0.8
81 silly placeDep node_modules/typescript-language-server vscode-uri@3.0.6 OK for: typescript-language-server@2.2.0 want: ^3.0.6
82 silly placeDep node_modules/typescript-language-server which@3.0.0 OK for: typescript-language-server@2.2.0 want: ^3.0.0
83 silly fetch manifest graceful-fs@^4.2.0
84 silly fetch manifest jsonfile@^6.0.1
85 silly fetch manifest universalify@^2.0.0
86 silly fetch manifest find-up@^6.2.0
87 silly fetch manifest lru-cache@^6.0.0
88 silly fetch manifest is-stream@^3.0.0
89 silly fetch manifest temp-dir@^2.0.0
90 silly fetch manifest type-fest@^2.12.2
91 silly fetch manifest unique-string@^3.0.0
92 silly fetch manifest vscode-jsonrpc@8.0.2
93 silly fetch manifest vscode-languageserver-types@3.17.2
94 silly fetch manifest isexe@^2.0.0
95 http fetch GET 200 https://registry.npmjs.org/is-stream 150ms (cache miss)
96 http fetch GET 200 https://registry.npmjs.org/find-up 187ms (cache miss)
97 http fetch GET 200 https://registry.npmjs.org/isexe 176ms (cache miss)
98 http fetch GET 200 https://registry.npmjs.org/universalify 219ms (cache miss)
99 http fetch GET 200 https://registry.npmjs.org/jsonfile 222ms (cache miss)
100 http fetch GET 200 https://registry.npmjs.org/unique-string 216ms (cache miss)
101 http fetch GET 200 https://registry.npmjs.org/graceful-fs 246ms (cache miss)
102 http fetch GET 200 https://registry.npmjs.org/temp-dir 249ms (cache miss)
103 http fetch GET 200 https://registry.npmjs.org/vscode-languageserver-types 265ms (cache revalidated)
104 http fetch GET 200 https://registry.npmjs.org/lru-cache 425ms (cache miss)
105 http fetch GET 200 https://registry.npmjs.org/type-fest 478ms (cache miss)
106 http fetch GET 200 https://registry.npmjs.org/vscode-jsonrpc 748ms (cache revalidated)
107 timing idealTree:node_modules/typescript-language-server Completed in 804ms
108 timing idealTree:node_modules/typescript-language-server/node_modules/commander Completed in 0ms
109 timing idealTree:node_modules/typescript-language-server/node_modules/deepmerge Completed in 0ms
110 silly placeDep node_modules/typescript-language-server graceful-fs@4.2.10 OK for: fs-extra@11.1.0 want: ^4.2.0
111 silly placeDep node_modules/typescript-language-server jsonfile@6.1.0 OK for: fs-extra@11.1.0 want: ^6.0.1
112 silly placeDep node_modules/typescript-language-server universalify@2.0.0 OK for: fs-extra@11.1.0 want: ^2.0.0
113 timing idealTree:node_modules/typescript-language-server/node_modules/fs-extra Completed in 8ms
114 timing idealTree:node_modules/typescript-language-server/node_modules/graceful-fs Completed in 0ms
115 timing idealTree:node_modules/typescript-language-server/node_modules/jsonfile Completed in 0ms
116 timing idealTree:node_modules/typescript-language-server/node_modules/p-debounce Completed in 0ms
117 silly placeDep node_modules/typescript-language-server find-up@6.3.0 OK for: pkg-up@4.0.0 want: ^6.2.0
118 silly fetch manifest locate-path@^7.1.0
119 silly fetch manifest path-exists@^5.0.0
120 http fetch GET 200 https://registry.npmjs.org/path-exists 161ms (cache miss)
121 http fetch GET 200 https://registry.npmjs.org/locate-path 165ms (cache miss)
122 timing idealTree:node_modules/typescript-language-server/node_modules/pkg-up Completed in 169ms
123 silly placeDep node_modules/typescript-language-server locate-path@7.1.1 OK for: find-up@6.3.0 want: ^7.1.0
124 silly placeDep node_modules/typescript-language-server path-exists@5.0.0 OK for: find-up@6.3.0 want: ^5.0.0
125 silly fetch manifest p-locate@^6.0.0
126 http fetch GET 200 https://registry.npmjs.org/p-locate 45ms (cache miss)
127 timing idealTree:node_modules/typescript-language-server/node_modules/find-up Completed in 51ms
128 silly placeDep node_modules/typescript-language-server p-locate@6.0.0 OK for: locate-path@7.1.1 want: ^6.0.0
129 silly fetch manifest p-limit@^4.0.0
130 http fetch GET 200 https://registry.npmjs.org/p-limit 95ms (cache miss)
131 timing idealTree:node_modules/typescript-language-server/node_modules/locate-path Completed in 99ms
132 silly placeDep node_modules/typescript-language-server p-limit@4.0.0 OK for: p-locate@6.0.0 want: ^4.0.0
133 silly fetch manifest yocto-queue@^1.0.0
134 http fetch GET 200 https://registry.npmjs.org/yocto-queue 39ms (cache miss)
135 timing idealTree:node_modules/typescript-language-server/node_modules/p-locate Completed in 43ms
136 silly placeDep node_modules/typescript-language-server yocto-queue@1.0.0 OK for: p-limit@4.0.0 want: ^1.0.0
137 timing idealTree:node_modules/typescript-language-server/node_modules/p-limit Completed in 2ms
138 timing idealTree:node_modules/typescript-language-server/node_modules/path-exists Completed in 0ms
139 silly placeDep node_modules/typescript-language-server lru-cache@6.0.0 OK for: semver@7.3.8 want: ^6.0.0
140 silly fetch manifest yallist@^4.0.0
141 http fetch GET 200 https://registry.npmjs.org/yallist 96ms (cache miss)
142 timing idealTree:node_modules/typescript-language-server/node_modules/semver Completed in 101ms
143 silly placeDep node_modules/typescript-language-server yallist@4.0.0 OK for: lru-cache@6.0.0 want: ^4.0.0
144 timing idealTree:node_modules/typescript-language-server/node_modules/lru-cache Completed in 2ms
145 silly placeDep node_modules/typescript-language-server is-stream@3.0.0 OK for: tempy@3.0.0 want: ^3.0.0
146 silly placeDep node_modules/typescript-language-server temp-dir@2.0.0 OK for: tempy@3.0.0 want: ^2.0.0
147 silly placeDep node_modules/typescript-language-server type-fest@2.19.0 OK for: tempy@3.0.0 want: ^2.12.2
148 silly placeDep node_modules/typescript-language-server unique-string@3.0.0 OK for: tempy@3.0.0 want: ^3.0.0
149 silly fetch manifest crypto-random-string@^4.0.0
150 http fetch GET 200 https://registry.npmjs.org/crypto-random-string 40ms (cache miss)
151 timing idealTree:node_modules/typescript-language-server/node_modules/tempy Completed in 48ms
152 timing idealTree:node_modules/typescript-language-server/node_modules/is-stream Completed in 0ms
153 timing idealTree:node_modules/typescript-language-server/node_modules/temp-dir Completed in 0ms
154 timing idealTree:node_modules/typescript-language-server/node_modules/type-fest Completed in 0ms
155 silly placeDep node_modules/typescript-language-server crypto-random-string@4.0.0 OK for: unique-string@3.0.0 want: ^4.0.0
156 silly fetch manifest type-fest@^1.0.1
157 timing idealTree:node_modules/typescript-language-server/node_modules/unique-string Completed in 7ms
158 silly placeDep node_modules/typescript-language-server/node_modules/crypto-random-string type-fest@1.4.0 OK for: crypto-random-string@4.0.0 want: ^1.0.1
159 timing idealTree:node_modules/typescript-language-server/node_modules/crypto-random-string Completed in 4ms
160 timing idealTree:node_modules/typescript-language-server/node_modules/universalify Completed in 0ms
161 timing idealTree:node_modules/typescript-language-server/node_modules/vscode-languageserver Completed in 0ms
162 silly placeDep node_modules/typescript-language-server vscode-jsonrpc@8.0.2 OK for: vscode-languageserver-protocol@3.17.2 want: 8.0.2
163 silly placeDep node_modules/typescript-language-server vscode-languageserver-types@3.17.2 OK for: vscode-languageserver-protocol@3.17.2 want: 3.17.2
164 timing idealTree:node_modules/typescript-language-server/node_modules/vscode-languageserver-protocol Completed in 4ms
165 timing idealTree:node_modules/typescript-language-server/node_modules/vscode-jsonrpc Completed in 0ms
166 timing idealTree:node_modules/typescript-language-server/node_modules/vscode-languageserver-textdocument Completed in 0ms
167 timing idealTree:node_modules/typescript-language-server/node_modules/vscode-languageserver-types Completed in 0ms
168 timing idealTree:node_modules/typescript-language-server/node_modules/vscode-uri Completed in 0ms
169 silly placeDep node_modules/typescript-language-server isexe@2.0.0 OK for: which@3.0.0 want: ^2.0.0
170 timing idealTree:node_modules/typescript-language-server/node_modules/which Completed in 2ms
171 timing idealTree:node_modules/typescript-language-server/node_modules/isexe Completed in 0ms
172 timing idealTree:node_modules/typescript-language-server/node_modules/yallist Completed in 0ms
173 timing idealTree:node_modules/typescript-language-server/node_modules/yocto-queue Completed in 0ms
174 timing idealTree:node_modules/typescript-language-server/node_modules/crypto-random-string/node_modules/type-fest Completed in 0ms
175 timing idealTree:buildDeps Completed in 4746ms
176 timing idealTree:fixDepFlags Completed in 2ms
177 timing idealTree Completed in 4781ms
178 timing reify:loadTrees Completed in 4783ms
179 timing reify:diffTrees Completed in 4ms
180 silly reify moves {}
181 timing reify:retireShallow Completed in 2ms
182 timing reify:createSparse Completed in 59ms
183 timing reify:loadBundles Completed in 0ms
184 silly audit bulk request {
184 silly audit   typescript: [ '4.9.4' ],
184 silly audit   'typescript-language-server': [ '2.2.0' ],
184 silly audit   commander: [ '9.4.1' ],
184 silly audit   deepmerge: [ '4.2.2' ],
184 silly audit   'fs-extra': [ '11.1.0' ],
184 silly audit   'p-debounce': [ '4.0.0' ],
184 silly audit   'pkg-up': [ '4.0.0' ],
184 silly audit   semver: [ '7.3.8' ],
184 silly audit   tempy: [ '3.0.0' ],
184 silly audit   'vscode-languageserver': [ '8.0.2' ],
184 silly audit   'vscode-languageserver-protocol': [ '3.17.2' ],
184 silly audit   'vscode-languageserver-textdocument': [ '1.0.8' ],
184 silly audit   'vscode-uri': [ '3.0.6' ],
184 silly audit   which: [ '3.0.0' ],
184 silly audit   'graceful-fs': [ '4.2.10' ],
184 silly audit   jsonfile: [ '6.1.0' ],
184 silly audit   universalify: [ '2.0.0' ],
184 silly audit   'find-up': [ '6.3.0' ],
184 silly audit   'locate-path': [ '7.1.1' ],
184 silly audit   'path-exists': [ '5.0.0' ],
184 silly audit   'p-locate': [ '6.0.0' ],
184 silly audit   'p-limit': [ '4.0.0' ],
184 silly audit   'yocto-queue': [ '1.0.0' ],
184 silly audit   'lru-cache': [ '6.0.0' ],
184 silly audit   yallist: [ '4.0.0' ],
184 silly audit   'is-stream': [ '3.0.0' ],
184 silly audit   'temp-dir': [ '2.0.0' ],
184 silly audit   'type-fest': [ '2.19.0', '1.4.0' ],
184 silly audit   'unique-string': [ '3.0.0' ],
184 silly audit   'crypto-random-string': [ '4.0.0' ],
184 silly audit   'vscode-jsonrpc': [ '8.0.2' ],
184 silly audit   'vscode-languageserver-types': [ '3.17.2' ],
184 silly audit   isexe: [ '2.0.0' ]
184 silly audit }
185 silly tarball no local data for typescript-language-server@https://registry.npmjs.org/typescript-language-server/-/typescript-language-server-2.2.0.tgz. Extracting by manifest.
186 silly tarball no local data for isexe@https://registry.npmjs.org/isexe/-/isexe-2.0.0.tgz. Extracting by manifest.
187 silly tarball no local data for vscode-jsonrpc@https://registry.npmjs.org/vscode-jsonrpc/-/vscode-jsonrpc-8.0.2.tgz. Extracting by manifest.
188 silly tarball no local data for crypto-random-string@https://registry.npmjs.org/crypto-random-string/-/crypto-random-string-4.0.0.tgz. Extracting by manifest.
189 silly tarball no local data for type-fest@https://registry.npmjs.org/type-fest/-/type-fest-1.4.0.tgz. Extracting by manifest.
190 silly tarball no local data for unique-string@https://registry.npmjs.org/unique-string/-/unique-string-3.0.0.tgz. Extracting by manifest.
191 silly tarball no local data for type-fest@https://registry.npmjs.org/type-fest/-/type-fest-2.19.0.tgz. Extracting by manifest.
192 silly tarball no local data for temp-dir@https://registry.npmjs.org/temp-dir/-/temp-dir-2.0.0.tgz. Extracting by manifest.
193 silly tarball no local data for is-stream@https://registry.npmjs.org/is-stream/-/is-stream-3.0.0.tgz. Extracting by manifest.
194 silly tarball no local data for yallist@https://registry.npmjs.org/yallist/-/yallist-4.0.0.tgz. Extracting by manifest.
195 silly tarball no local data for lru-cache@https://registry.npmjs.org/lru-cache/-/lru-cache-6.0.0.tgz. Extracting by manifest.
196 silly tarball no local data for yocto-queue@https://registry.npmjs.org/yocto-queue/-/yocto-queue-1.0.0.tgz. Extracting by manifest.
197 silly tarball no local data for p-limit@https://registry.npmjs.org/p-limit/-/p-limit-4.0.0.tgz. Extracting by manifest.
198 silly tarball no local data for p-locate@https://registry.npmjs.org/p-locate/-/p-locate-6.0.0.tgz. Extracting by manifest.
199 silly tarball no local data for path-exists@https://registry.npmjs.org/path-exists/-/path-exists-5.0.0.tgz. Extracting by manifest.
200 silly tarball no local data for locate-path@https://registry.npmjs.org/locate-path/-/locate-path-7.1.1.tgz. Extracting by manifest.
201 silly tarball no local data for find-up@https://registry.npmjs.org/find-up/-/find-up-6.3.0.tgz. Extracting by manifest.
202 silly tarball no local data for universalify@https://registry.npmjs.org/universalify/-/universalify-2.0.0.tgz. Extracting by manifest.
203 silly tarball no local data for jsonfile@https://registry.npmjs.org/jsonfile/-/jsonfile-6.1.0.tgz. Extracting by manifest.
204 silly tarball no local data for graceful-fs@https://registry.npmjs.org/graceful-fs/-/graceful-fs-4.2.10.tgz. Extracting by manifest.
205 silly tarball no local data for which@https://registry.npmjs.org/which/-/which-3.0.0.tgz. Extracting by manifest.
206 silly tarball no local data for vscode-languageserver-protocol@https://registry.npmjs.org/vscode-languageserver-protocol/-/vscode-languageserver-protocol-3.17.2.tgz. Extracting by manifest.
207 silly tarball no local data for vscode-languageserver@https://registry.npmjs.org/vscode-languageserver/-/vscode-languageserver-8.0.2.tgz. Extracting by manifest.
208 silly tarball no local data for tempy@https://registry.npmjs.org/tempy/-/tempy-3.0.0.tgz. Extracting by manifest.
209 silly tarball no local data for semver@https://registry.npmjs.org/semver/-/semver-7.3.8.tgz. Extracting by manifest.
210 silly tarball no local data for pkg-up@https://registry.npmjs.org/pkg-up/-/pkg-up-4.0.0.tgz. Extracting by manifest.
211 silly tarball no local data for p-debounce@https://registry.npmjs.org/p-debounce/-/p-debounce-4.0.0.tgz. Extracting by manifest.
212 silly tarball no local data for fs-extra@https://registry.npmjs.org/fs-extra/-/fs-extra-11.1.0.tgz. Extracting by manifest.
213 silly tarball no local data for deepmerge@https://registry.npmjs.org/deepmerge/-/deepmerge-4.2.2.tgz. Extracting by manifest.
214 silly tarball no local data for commander@https://registry.npmjs.org/commander/-/commander-9.4.1.tgz. Extracting by manifest.
215 http fetch POST 200 https://registry.npmjs.org/-/npm/v1/security/advisories/bulk 919ms
216 timing auditReport:getReport Completed in 925ms
217 silly audit report {}
218 timing auditReport:init Completed in 0ms
219 timing reify:audit Completed in 927ms
220 timing reifyNode:node_modules/typescript-language-server/node_modules/vscode-languageserver-textdocument Completed in 1161ms
221 http fetch GET 200 https://registry.npmjs.org/tempy/-/tempy-3.0.0.tgz 1052ms (cache miss)
222 timing reifyNode:node_modules/typescript-language-server/node_modules/tempy Completed in 1175ms
223 http fetch GET 200 https://registry.npmjs.org/isexe/-/isexe-2.0.0.tgz 1126ms (cache miss)
224 timing reifyNode:node_modules/typescript-language-server/node_modules/isexe Completed in 1180ms
225 http fetch GET 200 https://registry.npmjs.org/temp-dir/-/temp-dir-2.0.0.tgz 1112ms (cache miss)
226 timing reifyNode:node_modules/typescript-language-server/node_modules/temp-dir Completed in 1180ms
227 http fetch GET 200 https://registry.npmjs.org/lru-cache/-/lru-cache-6.0.0.tgz 1111ms (cache miss)
228 timing reifyNode:node_modules/typescript-language-server/node_modules/lru-cache Completed in 1186ms
229 http fetch GET 200 https://registry.npmjs.org/crypto-random-string/-/crypto-random-string-4.0.0.tgz 1130ms (cache miss)
230 timing reifyNode:node_modules/typescript-language-server/node_modules/crypto-random-string Completed in 1188ms
231 http fetch GET 200 https://registry.npmjs.org/unique-string/-/unique-string-3.0.0.tgz 1127ms (cache miss)
232 timing reifyNode:node_modules/typescript-language-server/node_modules/unique-string Completed in 1191ms
233 http fetch GET 200 https://registry.npmjs.org/which/-/which-3.0.0.tgz 1094ms (cache miss)
234 timing reifyNode:node_modules/typescript-language-server/node_modules/which Completed in 1206ms
235 http fetch GET 200 https://registry.npmjs.org/path-exists/-/path-exists-5.0.0.tgz 1121ms (cache miss)
236 timing reifyNode:node_modules/typescript-language-server/node_modules/path-exists Completed in 1206ms
237 http fetch GET 200 https://registry.npmjs.org/universalify/-/universalify-2.0.0.tgz 1103ms (cache miss)
238 timing reifyNode:node_modules/typescript-language-server/node_modules/universalify Completed in 1207ms
239 http fetch GET 200 https://registry.npmjs.org/is-stream/-/is-stream-3.0.0.tgz 1153ms (cache miss)
240 timing reifyNode:node_modules/typescript-language-server/node_modules/is-stream Completed in 1223ms
241 http fetch GET 200 https://registry.npmjs.org/find-up/-/find-up-6.3.0.tgz 1121ms (cache miss)
242 timing reifyNode:node_modules/typescript-language-server/node_modules/find-up Completed in 1223ms
243 http fetch GET 200 https://registry.npmjs.org/jsonfile/-/jsonfile-6.1.0.tgz 1117ms (cache miss)
244 timing reifyNode:node_modules/typescript-language-server/node_modules/jsonfile Completed in 1223ms
245 http fetch GET 200 https://registry.npmjs.org/locate-path/-/locate-path-7.1.1.tgz 1143ms (cache miss)
246 timing reifyNode:node_modules/typescript-language-server/node_modules/locate-path Completed in 1242ms
247 http fetch GET 200 https://registry.npmjs.org/yallist/-/yallist-4.0.0.tgz 1176ms (cache miss)
248 timing reifyNode:node_modules/typescript-language-server/node_modules/yallist Completed in 1249ms
249 http fetch GET 200 https://registry.npmjs.org/graceful-fs/-/graceful-fs-4.2.10.tgz 1167ms (cache miss)
250 timing reifyNode:node_modules/typescript-language-server/node_modules/graceful-fs Completed in 1277ms
251 http fetch GET 200 https://registry.npmjs.org/p-debounce/-/p-debounce-4.0.0.tgz 1171ms (cache miss)
252 timing reifyNode:node_modules/typescript-language-server/node_modules/p-debounce Completed in 1304ms
253 timing reifyNode:node_modules/typescript-language-server/node_modules/vscode-uri Completed in 1315ms
254 timing reifyNode:node_modules/typescript-language-server/node_modules/vscode-languageserver-types Completed in 1322ms
255 http fetch GET 200 https://registry.npmjs.org/deepmerge/-/deepmerge-4.2.2.tgz 1185ms (cache miss)
256 timing reifyNode:node_modules/typescript-language-server/node_modules/deepmerge Completed in 1327ms
257 http fetch GET 200 https://registry.npmjs.org/pkg-up/-/pkg-up-4.0.0.tgz 1205ms (cache miss)
258 timing reifyNode:node_modules/typescript-language-server/node_modules/pkg-up Completed in 1334ms
259 http fetch GET 200 https://registry.npmjs.org/p-limit/-/p-limit-4.0.0.tgz 1264ms (cache miss)
260 timing reifyNode:node_modules/typescript-language-server/node_modules/p-limit Completed in 1343ms
261 http fetch GET 200 https://registry.npmjs.org/yocto-queue/-/yocto-queue-1.0.0.tgz 1271ms (cache miss)
262 timing reifyNode:node_modules/typescript-language-server/node_modules/yocto-queue Completed in 1349ms
263 http fetch GET 200 https://registry.npmjs.org/p-locate/-/p-locate-6.0.0.tgz 1297ms (cache miss)
264 timing reifyNode:node_modules/typescript-language-server/node_modules/p-locate Completed in 1379ms
265 http fetch GET 200 https://registry.npmjs.org/commander/-/commander-9.4.1.tgz 1239ms (cache miss)
266 timing reifyNode:node_modules/typescript-language-server/node_modules/commander Completed in 1384ms
267 http fetch GET 200 https://registry.npmjs.org/vscode-jsonrpc/-/vscode-jsonrpc-8.0.2.tgz 1405ms (cache miss)
268 timing reifyNode:node_modules/typescript-language-server/node_modules/vscode-jsonrpc Completed in 1463ms
269 http fetch GET 200 https://registry.npmjs.org/type-fest/-/type-fest-1.4.0.tgz 1413ms (cache miss)
270 timing reifyNode:node_modules/typescript-language-server/node_modules/crypto-random-string/node_modules/type-fest Completed in 1478ms
271 http fetch GET 200 https://registry.npmjs.org/vscode-languageserver/-/vscode-languageserver-8.0.2.tgz 1396ms (cache miss)
272 timing reifyNode:node_modules/typescript-language-server/node_modules/vscode-languageserver Completed in 1513ms
273 http fetch GET 200 https://registry.npmjs.org/semver/-/semver-7.3.8.tgz 1391ms (cache miss)
274 timing reifyNode:node_modules/typescript-language-server/node_modules/semver Completed in 1517ms
275 http fetch GET 200 https://registry.npmjs.org/type-fest/-/type-fest-2.19.0.tgz 1468ms (cache miss)
276 timing reifyNode:node_modules/typescript-language-server/node_modules/type-fest Completed in 1533ms
277 http fetch GET 200 https://registry.npmjs.org/vscode-languageserver-protocol/-/vscode-languageserver-protocol-3.17.2.tgz 1421ms (cache miss)
278 timing reifyNode:node_modules/typescript-language-server/node_modules/vscode-languageserver-protocol Completed in 1539ms
279 http fetch GET 200 https://registry.npmjs.org/fs-extra/-/fs-extra-11.1.0.tgz 1404ms (cache miss)
280 timing reifyNode:node_modules/typescript-language-server/node_modules/fs-extra Completed in 1540ms
281 http fetch GET 200 https://registry.npmjs.org/typescript-language-server/-/typescript-language-server-2.2.0.tgz 1568ms (cache miss)
282 timing reifyNode:node_modules/typescript-language-server Completed in 1616ms
283 timing reifyNode:node_modules/typescript Completed in 1952ms
284 timing reify:unpack Completed in 1955ms
285 timing reify:unretire Completed in 0ms
286 timing build:queue Completed in 5ms
287 timing build:link:node_modules/typescript-language-server/node_modules/semver Completed in 8ms
288 timing build:link:node_modules/typescript Completed in 12ms
289 timing build:link:node_modules/typescript-language-server Completed in 9ms
290 timing build:link:node_modules/typescript-language-server/node_modules/vscode-languageserver Completed in 9ms
291 timing build:link:node_modules/typescript-language-server/node_modules/which Completed in 10ms
292 timing build:link Completed in 13ms
293 timing build:deps Completed in 18ms
294 timing build Completed in 18ms
295 timing reify:build Completed in 20ms
296 timing reify:trash Completed in 0ms
297 timing reify:save Completed in 34ms
298 timing reify Completed in 6901ms
299 silly ADD node_modules/typescript-language-server
300 silly ADD node_modules/typescript-language-server/node_modules/isexe
301 silly ADD node_modules/typescript-language-server/node_modules/vscode-languageserver-types
302 silly ADD node_modules/typescript-language-server/node_modules/vscode-jsonrpc
303 silly ADD node_modules/typescript-language-server/node_modules/crypto-random-string
304 silly ADD node_modules/typescript-language-server/node_modules/crypto-random-string/node_modules/type-fest
305 silly ADD node_modules/typescript-language-server/node_modules/unique-string
306 silly ADD node_modules/typescript-language-server/node_modules/type-fest
307 silly ADD node_modules/typescript-language-server/node_modules/temp-dir
308 silly ADD node_modules/typescript-language-server/node_modules/is-stream
309 silly ADD node_modules/typescript-language-server/node_modules/yallist
310 silly ADD node_modules/typescript-language-server/node_modules/lru-cache
311 silly ADD node_modules/typescript-language-server/node_modules/yocto-queue
312 silly ADD node_modules/typescript-language-server/node_modules/p-limit
313 silly ADD node_modules/typescript-language-server/node_modules/p-locate
314 silly ADD node_modules/typescript-language-server/node_modules/path-exists
315 silly ADD node_modules/typescript-language-server/node_modules/locate-path
316 silly ADD node_modules/typescript-language-server/node_modules/find-up
317 silly ADD node_modules/typescript-language-server/node_modules/universalify
318 silly ADD node_modules/typescript-language-server/node_modules/jsonfile
319 silly ADD node_modules/typescript-language-server/node_modules/graceful-fs
320 silly ADD node_modules/typescript-language-server/node_modules/which
321 silly ADD node_modules/typescript-language-server/node_modules/vscode-uri
322 silly ADD node_modules/typescript-language-server/node_modules/vscode-languageserver-textdocument
323 silly ADD node_modules/typescript-language-server/node_modules/vscode-languageserver-protocol
324 silly ADD node_modules/typescript-language-server/node_modules/vscode-languageserver
325 silly ADD node_modules/typescript-language-server/node_modules/tempy
326 silly ADD node_modules/typescript-language-server/node_modules/semver
327 silly ADD node_modules/typescript-language-server/node_modules/pkg-up
328 silly ADD node_modules/typescript-language-server/node_modules/p-debounce
329 silly ADD node_modules/typescript-language-server/node_modules/fs-extra
330 silly ADD node_modules/typescript-language-server/node_modules/deepmerge
331 silly ADD node_modules/typescript-language-server/node_modules/commander
332 silly ADD node_modules/typescript
333 timing command:install Completed in 6919ms
334 verbose exit 0
335 timing npm Completed in 7182ms
336 info ok
