0 verbose cli /usr/bin/node /usr/bin/npm
1 info using npm@8.19.2
2 info using node@v19.2.0
3 timing npm:load:whichnode Completed in 0ms
4 timing config:load:defaults Completed in 13ms
5 timing config:load:file:/usr/lib/node_modules/npm/npmrc Completed in 8ms
6 timing config:load:builtin Completed in 9ms
7 timing config:load:cli Completed in 11ms
8 timing config:load:env Completed in 1ms
9 timing config:load:file:/home/apollo-hub/coding/school/personalwebsite/.cache/typescript/4.9/.npmrc Completed in 1ms
10 timing config:load:project Completed in 22ms
11 timing config:load:file:/home/apollo-hub/coding/school/personalwebsite/.npmrc Completed in 0ms
12 timing config:load:user Completed in 0ms
13 timing config:load:file:/usr/etc/npmrc Completed in 1ms
14 timing config:load:global Completed in 1ms
15 timing config:load:validate Completed in 0ms
16 timing config:load:credentials Completed in 1ms
17 timing config:load:setEnvs Completed in 1ms
18 timing config:load Completed in 60ms
19 timing npm:load:configload Completed in 61ms
20 timing npm:load:mkdirpcache Completed in 2ms
21 timing npm:load:mkdirplogs Completed in 0ms
22 verbose title npm install types-registry@latest
23 verbose argv "install" "--ignore-scripts" "types-registry@latest"
24 timing npm:load:setTitle Completed in 18ms
25 timing config:load:flatten Completed in 20ms
26 timing npm:load:display Completed in 22ms
27 verbose logfile logs-max:10 dir:/home/apollo-hub/coding/school/personalwebsite/.npm/_logs
28 verbose logfile /home/apollo-hub/coding/school/personalwebsite/.npm/_logs/2022-12-10T22_40_11_245Z-debug-0.log
29 timing npm:load:logFile Completed in 33ms
30 timing npm:load:timers Completed in 0ms
31 timing npm:load:configScope Completed in 1ms
32 timing npm:load Completed in 145ms
33 timing arborist:ctor Completed in 1ms
34 silly logfile done cleaning log files
35 timing arborist:ctor Completed in 0ms
36 timing idealTree:init Completed in 21ms
37 http fetch GET 200 https://registry.npmjs.org/types-registry 751ms (cache miss)
38 timing idealTree:userRequests Completed in 794ms
39 silly idealTree buildDeps
40 silly fetch manifest types-registry@0.1.621
41 silly placeDep ROOT types-registry@0.1.621 OK for:  want: 0.1.621
42 timing idealTree:#root Completed in 14ms
43 timing idealTree:node_modules/types-registry Completed in 0ms
44 timing idealTree:buildDeps Completed in 16ms
45 timing idealTree:fixDepFlags Completed in 1ms
46 timing idealTree Completed in 833ms
47 timing reify:loadTrees Completed in 834ms
48 timing reify:diffTrees Completed in 1ms
49 silly reify moves {}
50 timing reify:retireShallow Completed in 3ms
51 timing reify:createSparse Completed in 8ms
52 timing reify:loadBundles Completed in 0ms
53 silly audit bulk request { 'types-registry': [ '0.1.621' ] }
54 silly tarball no local data for types-registry@https://registry.npmjs.org/types-registry/-/types-registry-0.1.621.tgz. Extracting by manifest.
55 http fetch POST 200 https://registry.npmjs.org/-/npm/v1/security/advisories/bulk 380ms
56 timing auditReport:getReport Completed in 385ms
57 silly audit report {}
58 timing auditReport:init Completed in 0ms
59 timing reify:audit Completed in 412ms
60 http fetch GET 200 https://registry.npmjs.org/types-registry/-/types-registry-0.1.621.tgz 681ms (cache miss)
61 timing reifyNode:node_modules/types-registry Completed in 716ms
62 timing reify:unpack Completed in 716ms
63 timing reify:unretire Completed in 0ms
64 timing build:queue Completed in 13ms
65 timing build:deps Completed in 15ms
66 timing build Completed in 15ms
67 timing reify:build Completed in 15ms
68 timing reify:trash Completed in 1ms
69 timing reify:save Completed in 36ms
70 timing reify Completed in 1653ms
71 silly ADD node_modules/types-registry
72 timing command:install Completed in 1668ms
73 verbose exit 0
74 timing npm Completed in 2038ms
75 info ok
