0 verbose cli /usr/bin/node /usr/bin/npm
1 info using npm@8.19.2
2 info using node@v19.2.0
3 timing npm:load:whichnode Completed in 1ms
4 timing config:load:defaults Completed in 3ms
5 timing config:load:file:/usr/lib/node_modules/npm/npmrc Completed in 2ms
6 timing config:load:builtin Completed in 2ms
7 timing config:load:cli Completed in 7ms
8 timing config:load:env Completed in 1ms
9 timing config:load:file:/home/apollo-hub/coding/school/personalwebsite/.cache/typescript/4.9/.npmrc Completed in 1ms
10 timing config:load:project Completed in 14ms
11 timing config:load:file:/home/apollo-hub/coding/school/personalwebsite/.npmrc Completed in 0ms
12 timing config:load:user Completed in 0ms
13 timing config:load:file:/usr/etc/npmrc Completed in 0ms
14 timing config:load:global Completed in 0ms
15 timing config:load:validate Completed in 0ms
16 timing config:load:credentials Completed in 3ms
17 timing config:load:setEnvs Completed in 2ms
18 timing config:load Completed in 33ms
19 timing npm:load:configload Completed in 33ms
20 timing npm:load:mkdirpcache Completed in 2ms
21 timing npm:load:mkdirplogs Completed in 0ms
22 verbose title npm install types-registry@latest
23 verbose argv "install" "--ignore-scripts" "types-registry@latest"
24 timing npm:load:setTitle Completed in 2ms
25 timing config:load:flatten Completed in 7ms
26 timing npm:load:display Completed in 9ms
27 verbose logfile logs-max:10 dir:/home/apollo-hub/coding/school/personalwebsite/.npm/_logs
28 verbose logfile /home/apollo-hub/coding/school/personalwebsite/.npm/_logs/2022-12-11T02_08_12_416Z-debug-0.log
29 timing npm:load:logFile Completed in 11ms
30 timing npm:load:timers Completed in 0ms
31 timing npm:load:configScope Completed in 0ms
32 timing npm:load Completed in 61ms
33 timing arborist:ctor Completed in 2ms
34 silly logfile start cleaning logs, removing 1 files
35 silly logfile done cleaning log files
36 timing idealTree:init Completed in 88ms
37 timing arborist:ctor Completed in 1ms
38 http fetch GET 200 https://registry.npmjs.org/types-registry 683ms (cache updated)
39 timing idealTree:userRequests Completed in 714ms
40 silly idealTree buildDeps
41 silly fetch manifest types-registry@0.1.622
42 silly placeDep ROOT types-registry@0.1.622 REPLACE for:  want: 0.1.622
43 timing idealTree:#root Completed in 22ms
44 timing idealTree:node_modules/types-registry Completed in 0ms
45 timing idealTree:buildDeps Completed in 29ms
46 timing idealTree:fixDepFlags Completed in 0ms
47 timing idealTree Completed in 845ms
48 timing reify:loadTrees Completed in 846ms
49 timing reify:diffTrees Completed in 9ms
50 silly reify mark retired [
50 silly reify   '/home/apollo-hub/coding/school/personalwebsite/.cache/typescript/4.9/node_modules/types-registry'
50 silly reify ]
51 silly reify moves {
51 silly reify   '/home/apollo-hub/coding/school/personalwebsite/.cache/typescript/4.9/node_modules/types-registry': '/home/apollo-hub/coding/school/personalwebsite/.cache/typescript/4.9/node_modules/.types-registry-JNcvqCfF'
51 silly reify }
52 timing reify:retireShallow Completed in 10ms
53 timing reify:createSparse Completed in 8ms
54 timing reify:loadBundles Completed in 0ms
55 silly audit bulk request { 'types-registry': [ '0.1.622' ] }
56 silly tarball no local data for types-registry@https://registry.npmjs.org/types-registry/-/types-registry-0.1.622.tgz. Extracting by manifest.
57 http fetch POST 200 https://registry.npmjs.org/-/npm/v1/security/advisories/bulk 211ms
58 timing auditReport:getReport Completed in 212ms
59 silly audit report {}
60 timing auditReport:init Completed in 0ms
61 timing reify:audit Completed in 214ms
62 http fetch GET 200 https://registry.npmjs.org/types-registry/-/types-registry-0.1.622.tgz 195ms (cache miss)
63 timing reifyNode:node_modules/types-registry Completed in 223ms
64 timing reify:unpack Completed in 224ms
65 timing reify:unretire Completed in 1ms
66 timing build:queue Completed in 0ms
67 timing build:deps Completed in 1ms
68 timing build Completed in 1ms
69 timing reify:build Completed in 2ms
70 timing reify:trash Completed in 38ms
71 timing reify:save Completed in 11ms
72 timing reify Completed in 1205ms
73 silly CHANGE node_modules/types-registry
74 timing command:install Completed in 1215ms
75 verbose exit 0
76 timing npm Completed in 1969ms
77 info ok
