0 verbose cli /usr/bin/node /usr/bin/npm
1 info using npm@8.19.2
2 info using node@v19.2.0
3 timing npm:load:whichnode Completed in 0ms
4 timing config:load:defaults Completed in 2ms
5 timing config:load:file:/usr/lib/node_modules/npm/npmrc Completed in 27ms
6 timing config:load:builtin Completed in 27ms
7 timing config:load:cli Completed in 5ms
8 timing config:load:env Completed in 0ms
9 timing config:load:file:/home/apollo-hub/coding/school/personalwebsite/.cache/typescript/4.9/.npmrc Completed in 1ms
10 timing config:load:project Completed in 36ms
11 timing config:load:file:/home/apollo-hub/coding/school/personalwebsite/.npmrc Completed in 3ms
12 timing config:load:user Completed in 4ms
13 timing config:load:file:/usr/etc/npmrc Completed in 3ms
14 timing config:load:global Completed in 3ms
15 timing config:load:validate Completed in 0ms
16 timing config:load:credentials Completed in 55ms
17 timing config:load:setEnvs Completed in 6ms
18 timing config:load Completed in 141ms
19 timing npm:load:configload Completed in 142ms
20 timing npm:load:mkdirpcache Completed in 1ms
21 timing npm:load:mkdirplogs Completed in 0ms
22 verbose title npm install types-registry@latest
23 verbose argv "install" "--ignore-scripts" "types-registry@latest"
24 timing npm:load:setTitle Completed in 4ms
25 timing config:load:flatten Completed in 5ms
26 timing npm:load:display Completed in 7ms
27 verbose logfile logs-max:10 dir:/home/apollo-hub/coding/school/personalwebsite/.npm/_logs
28 verbose logfile /home/apollo-hub/coding/school/personalwebsite/.npm/_logs/2022-12-11T02_34_43_925Z-debug-0.log
29 timing npm:load:logFile Completed in 13ms
30 timing npm:load:timers Completed in 0ms
31 timing npm:load:configScope Completed in 0ms
32 timing npm:load Completed in 168ms
33 timing arborist:ctor Completed in 1ms
34 silly logfile start cleaning logs, removing 1 files
35 silly logfile done cleaning log files
36 timing idealTree:init Completed in 34ms
37 timing arborist:ctor Completed in 1ms
38 http fetch GET 200 https://registry.npmjs.org/types-registry 1059ms (cache revalidated)
39 timing idealTree:userRequests Completed in 1083ms
40 silly idealTree buildDeps
41 silly fetch manifest types-registry@0.1.622
42 silly placeDep ROOT types-registry@0.1.622 REPLACE for:  want: 0.1.622
43 timing idealTree:#root Completed in 16ms
44 timing idealTree:node_modules/types-registry Completed in 1ms
45 timing idealTree:buildDeps Completed in 20ms
46 timing idealTree:fixDepFlags Completed in 1ms
47 timing idealTree Completed in 1141ms
48 timing reify:loadTrees Completed in 1143ms
49 timing reify:diffTrees Completed in 4ms
50 silly reify moves {}
51 timing reify:retireShallow Completed in 4ms
52 timing reify:createSparse Completed in 1ms
53 timing reify:loadBundles Completed in 0ms
54 silly audit bulk request { 'types-registry': [ '0.1.622' ] }
55 timing reify:unpack Completed in 2ms
56 timing reify:unretire Completed in 0ms
57 timing build:queue Completed in 0ms
58 timing build:deps Completed in 1ms
59 timing build Completed in 2ms
60 timing reify:build Completed in 2ms
61 timing reify:trash Completed in 0ms
62 timing reify:save Completed in 11ms
63 http fetch POST 200 https://registry.npmjs.org/-/npm/v1/security/advisories/bulk 208ms
64 timing auditReport:getReport Completed in 211ms
65 silly audit report {}
66 timing auditReport:init Completed in 0ms
67 timing reify:audit Completed in 213ms
68 timing reify Completed in 1382ms
69 timing command:install Completed in 1392ms
70 verbose exit 0
71 timing npm Completed in 2100ms
72 info ok
